<?xml version="1.0" encoding="UTF-8"?>
<!-- Generated by org.testng.reporters.JUnitReportReporter -->
<testsuite hostname="DESKTOP-L24NCKJ" failures="0" tests="1" name="com.testng.reports.ReportsSample" time="6.051" errors="0" timestamp="2023-12-17T08:05:13 IST" skipped="0">
  <testcase classname="com.testng.reports.ReportsSample" name="fbLogin" time="6.051"/>
  <system-out/>
</testsuite> <!-- com.testng.reports.ReportsSample -->
