<?xml version="1.0" encoding="UTF-8"?>
<!-- Generated by org.testng.reporters.JUnitReportReporter -->
<testsuite hostname="SubasriThigazh" failures="0" tests="1" name="com.testng.reports.BookConfirmationPage" time="24.250" errors="0" timestamp="2023-12-17T12:19:13 IST" skipped="0">
  <testcase classname="com.testng.reports.BookConfirmationPage" name="adactinConfirmation" time="24.250"/>
  <system-out/>
</testsuite> <!-- com.testng.reports.BookConfirmationPage -->
