<?xml version="1.0" encoding="UTF-8"?>
<!-- Generated by org.testng.reporters.JUnitReportReporter -->
<testsuite hostname="DESKTOP-L24NCKJ" failures="0" tests="2" name="com.testng.groups.GroupsSample" time="0.021" errors="0" timestamp="2023-12-17T06:02:12 IST" skipped="0">
  <testcase classname="com.testng.groups.GroupsSample" name="test4" time="0.003"/>
  <system-out/>
  <testcase classname="com.testng.groups.GroupsSample" name="test1" time="0.018"/>
  <system-out/>
</testsuite> <!-- com.testng.groups.GroupsSample -->
